1:testing 1
2:testing 2
3:testing 3
4:testing 4
5:testing 5
6:testing 6
7:testing 7
8:testing 8
9:testing 9
10:testing 10
11:testing 11
12:testing 12
13:testing 13
14:testing 14
15:testing 15
16:testing 16
17:testing 17
18:testing 18
19:testing 19
20:testing 20
21:testing 21
22:testing 22
23:testing 23
24:testing 24
25:testing 25
26:testing 26
27:testing 27
28:testing 28
29:testing 29
30:testing 30
31:testing 31
32:testing 32
33:testing 33
34:testing 34
35:testing 35
36:testing 36
37:testing 37
38:testing 38
39:testing 39
40:testing 40
41:testing 41
42:testing 42
43:testing 43
44:testing 44
45:testing 45
46:testing 46
47:testing 47
48:testing 48
49:testing 49
50:testing 50
51:testing 51
52:testing 52
53:testing 53
54:testing 54
55:testing 55
56:testing 56
57:testing 57
58:testing 58
59:testing 59
60:testing 60
61:testing 61
62:testing 62
63:testing 63
64:testing 64
65:testing 65
66:testing 66
67:testing 67
68:testing 68
69:testing 69
70:testing 70
71:testing 71
72:testing 72
73:testing 73
74:testing 74
75:testing 75
76:testing 76
77:testing 77
78:testing 78
79:testing 79
80:testing 80
81:testing 81
82:testing 82
83:testing 83
84:testing 84
85:testing 85
86:testing 86
87:testing 87
88:testing 88
89:testing 89
90:testing 90
91:testing 91
92:testing 92
93:testing 93
94:testing 94
95:testing 95
96:testing 96
97:testing 97
98:testing 98
99:testing 99
100:testing 100
